--- BUILD STARTED: dental-solutions-of-central-park at 2026-04-06T19:33:41.602Z ---
You've hit your limit · resets 2am (Asia/Jerusalem)

--- BUILD COMPLETE (exit 1) ---

--- DEPLOY: Pushing to GitHub + Vercel ---
unknown flag: --force

Usage:  gh repo create [<name>] [flags]

Flags:
      --add-readme             Add a README file to the new repository
  -c, --clone                  Clone the new repository to the current directory
  -d, --description string     Description of the repository
      --disable-issues         Disable issues in the new repository
      --disable-wiki           Disable wiki in the new repository
  -g, --gitignore string       Specify a gitignore template for the repository
  -h, --homepage URL           Repository home page URL
      --include-all-branches   Include all branches from template repository
      --internal               Make the new repository internal
  -l, --license string         Specify an Open Source License for the repository
      --private                Make the new repository private
      --public                 Make the new repository public
      --push                   Push local commits to the new repository
  -r, --remote string          Specify remote name for the new repository
  -s, --source string          Specify path to local repository to use as source
  -t, --team name              The name of the organization team to be granted access
  -p, --template repository    Make the new repository based on a template repository
  
error: No such remote 'origin'
GitHub: https://github.com/ediftw17/nule-dental-solutions-of-central-park
The "--name" option is deprecated (https://vercel.link/name-flag)
Loading scopes…
Searching for existing projects…
Linked to ediftw17s-projects/nule-dental-solutions-of-central-park (created .vercel and added it to .gitignore)
Deploying ediftw17s-projects/nule-dental-solutions-of-central-park
Uploading [--------------------] (0.0B/7.7MB)
Uploading [=====---------------] (1.9MB/7.7MB)
Uploading [==========----------] (3.9MB/7.7MB)
Uploading [===============-----] (5.8MB/7.7MB)
Uploading [====================] (7.7MB/7.7MB)
Inspect: https://vercel.com/ediftw17s-projects/nule-dental-solutions-of-central-park/E1JvcLGGusSLaZZe4eVBgF3zjLAi [4s]
Production: https://nule-dental-solutions-of-central-park-eeakvpqck.vercel.app [4s]
https://nule-dental-solutions-of-central-park-eeakvpqck.vercel.appBuilding...
Building...
[2K[1A[2K[GProduction: https://nule-dental-solutions-of-central-park-eeakvpqck.vercel.app [12s]
Completing...
Aliased: https://nule-dental-solutions-of-central-pa.vercel.app [12s]
Due to `builds` existing in your configuration file, the Build and Development Settings defined in your Project Settings will not apply. Learn More: https://vercel.link/unused-build-settings
DEPLOYED: https://nule-dental-solutions-of-central-pa.vercel.app

--- PIPELINE COMPLETE ---
